# JRE version: OpenJDK Runtime Environment Temurin-17.0.5+8 (17.0.5+8) (build 17.0.5+8)
# Java VM: OpenJDK 64-Bit Server VM Temurin-17.0.5+8 (17.0.5+8, mixed mode, tiered, compressed oops, compressed class ptrs, parallel gc, windows-amd64)
GC Precious Log:
 CPUs: 8 total, 8 available
 Memory: 7959M
 Large Page Support: Disabled
 NUMA Support: Disabled
 Compressed Oops: Enabled (32-bit)
 Alignments: Space 512K, Generation 512K, Heap 2M
 Heap Min Capacity: 100M
 Heap Initial Capacity: 100M
 Heap Max Capacity: 1G
 Pre-touch: Disabled
 Parallel Workers: 8
Heap:
 PSYoungGen      total 16384K, used 10515K [0x00000000eab00000, 0x00000000ec180000, 0x0000000100000000)
  eden space 10752K, 46% used [0x00000000eab00000,0x00000000eafe76e0,0x00000000eb580000)
  from space 5632K, 97% used [0x00000000ebc00000,0x00000000ec15d818,0x00000000ec180000)
  to   space 5632K, 0% used [0x00000000eb680000,0x00000000eb680000,0x00000000ebc00000)
 ParOldGen       total 173056K, used 167952K [0x00000000c0000000, 0x00000000ca900000, 0x00000000eab00000)
  object space 173056K, 97% used [0x00000000c0000000,0x00000000ca404108,0x00000000ca900000)
 Metaspace       used 55589K, committed 56512K, reserved 1105920K
  class space    used 6002K, committed 6336K, reserved 1048576K
GC Heap History (20 events):
Event: 30.923 GC heap before
{Heap before GC invocations=153 (full 7):
 PSYoungGen      total 9728K, used 9336K [0x00000000eab00000, 0x00000000eb800000, 0x0000000100000000)
  eden space 6656K, 100% used [0x00000000eab00000,0x00000000eb180000,0x00000000eb180000)
  from space 3072K, 87% used [0x00000000eb500000,0x00000000eb79e008,0x00000000eb800000)
  to   space 3072K, 0% used [0x00000000eb200000,0x00000000eb200000,0x00000000eb500000)
 ParOldGen       total 173056K, used 158060K [0x00000000c0000000, 0x00000000ca900000, 0x00000000eab00000)
  object space 173056K, 91% used [0x00000000c0000000,0x00000000c9a5b0e0,0x00000000ca900000)
 Metaspace       used 55497K, committed 56384K, reserved 1105920K
  class space    used 5991K, committed 6336K, reserved 1048576K
}
Event: 30.925 GC heap after
{Heap after GC invocations=153 (full 7):
 PSYoungGen      total 10240K, used 3064K [0x00000000eab00000, 0x00000000eba80000, 0x0000000100000000)
  eden space 7168K, 0% used [0x00000000eab00000,0x00000000eab00000,0x00000000eb200000)
  from space 3072K, 99% used [0x00000000eb200000,0x00000000eb4fe008,0x00000000eb500000)
  to   space 4096K, 0% used [0x00000000eb680000,0x00000000eb680000,0x00000000eba80000)
 ParOldGen       total 173056K, used 158492K [0x00000000c0000000, 0x00000000ca900000, 0x00000000eab00000)
  object space 173056K, 91% used [0x00000000c0000000,0x00000000c9ac70e0,0x00000000ca900000)
 Metaspace       used 55497K, committed 56384K, reserved 1105920K
  class space    used 5991K, committed 6336K, reserved 1048576K
}
Event: 30.978 GC heap before
{Heap before GC invocations=154 (full 7):
 PSYoungGen      total 10240K, used 10232K [0x00000000eab00000, 0x00000000eba80000, 0x0000000100000000)
  eden space 7168K, 100% used [0x00000000eab00000,0x00000000eb200000,0x00000000eb200000)
  from space 3072K, 99% used [0x00000000eb200000,0x00000000eb4fe008,0x00000000eb500000)
  to   space 4096K, 0% used [0x00000000eb680000,0x00000000eb680000,0x00000000eba80000)
 ParOldGen       total 173056K, used 158492K [0x00000000c0000000, 0x00000000ca900000, 0x00000000eab00000)
  object space 173056K, 91% used [0x00000000c0000000,0x00000000c9ac70e0,0x00000000ca900000)
 Metaspace       used 55497K, committed 56384K, reserved 1105920K
  class space    used 5991K, committed 6336K, reserved 1048576K
}
Event: 30.983 GC heap after
{Heap after GC invocations=154 (full 7):
 PSYoungGen      total 11776K, used 3064K [0x00000000eab00000, 0x00000000eba00000, 0x0000000100000000)
  eden space 8192K, 0% used [0x00000000eab00000,0x00000000eab00000,0x00000000eb300000)
  from space 3584K, 85% used [0x00000000eb680000,0x00000000eb97e008,0x00000000eba00000)
  to   space 3584K, 0% used [0x00000000eb300000,0x00000000eb300000,0x00000000eb680000)
 ParOldGen       total 173056K, used 159420K [0x00000000c0000000, 0x00000000ca900000, 0x00000000eab00000)
  object space 173056K, 92% used [0x00000000c0000000,0x00000000c9baf0e0,0x00000000ca900000)
 Metaspace       used 55497K, committed 56384K, reserved 1105920K
  class space    used 5991K, committed 6336K, reserved 1048576K
}
Event: 31.024 GC heap before
{Heap before GC invocations=155 (full 7):
 PSYoungGen      total 11776K, used 11256K [0x00000000eab00000, 0x00000000eba00000, 0x0000000100000000)
  eden space 8192K, 100% used [0x00000000eab00000,0x00000000eb300000,0x00000000eb300000)
  from space 3584K, 85% used [0x00000000eb680000,0x00000000eb97e008,0x00000000eba00000)
  to   space 3584K, 0% used [0x00000000eb300000,0x00000000eb300000,0x00000000eb680000)
 ParOldGen       total 173056K, used 159420K [0x00000000c0000000, 0x00000000ca900000, 0x00000000eab00000)
  object space 173056K, 92% used [0x00000000c0000000,0x00000000c9baf0e0,0x00000000ca900000)
 Metaspace       used 55497K, committed 56384K, reserved 1105920K
  class space    used 5991K, committed 6336K, reserved 1048576K
}
Event: 31.027 GC heap after
{Heap after GC invocations=155 (full 7):
 PSYoungGen      total 11776K, used 3576K [0x00000000eab00000, 0x00000000ebc00000, 0x0000000100000000)
  eden space 8192K, 0% used [0x00000000eab00000,0x00000000eab00000,0x00000000eb300000)
  from space 3584K, 99% used [0x00000000eb300000,0x00000000eb67e008,0x00000000eb680000)
  to   space 4096K, 0% used [0x00000000eb800000,0x00000000eb800000,0x00000000ebc00000)
 ParOldGen       total 173056K, used 159628K [0x00000000c0000000, 0x00000000ca900000, 0x00000000eab00000)
  object space 173056K, 92% used [0x00000000c0000000,0x00000000c9be30e0,0x00000000ca900000)
 Metaspace       used 55497K, committed 56384K, reserved 1105920K
  class space    used 5991K, committed 6336K, reserved 1048576K
}
Event: 31.070 GC heap before
{Heap before GC invocations=156 (full 7):
 PSYoungGen      total 11776K, used 11768K [0x00000000eab00000, 0x00000000ebc00000, 0x0000000100000000)
  eden space 8192K, 100% used [0x00000000eab00000,0x00000000eb300000,0x00000000eb300000)
  from space 3584K, 99% used [0x00000000eb300000,0x00000000eb67e008,0x00000000eb680000)
  to   space 4096K, 0% used [0x00000000eb800000,0x00000000eb800000,0x00000000ebc00000)
 ParOldGen       total 173056K, used 159628K [0x00000000c0000000, 0x00000000ca900000, 0x00000000eab00000)
  object space 173056K, 92% used [0x00000000c0000000,0x00000000c9be30e0,0x00000000ca900000)
 Metaspace       used 55497K, committed 56384K, reserved 1105920K
  class space    used 5991K, committed 6336K, reserved 1048576K
}
Event: 31.074 GC heap after
{Heap after GC invocations=156 (full 7):
 PSYoungGen      total 13312K, used 3696K [0x00000000eab00000, 0x00000000ebc00000, 0x0000000100000000)
  eden space 9216K, 0% used [0x00000000eab00000,0x00000000eab00000,0x00000000eb400000)
  from space 4096K, 90% used [0x00000000eb800000,0x00000000ebb9c008,0x00000000ebc00000)
  to   space 4096K, 0% used [0x00000000eb400000,0x00000000eb400000,0x00000000eb800000)
 ParOldGen       total 173056K, used 160900K [0x00000000c0000000, 0x00000000ca900000, 0x00000000eab00000)
  object space 173056K, 92% used [0x00000000c0000000,0x00000000c9d210e0,0x00000000ca900000)
 Metaspace       used 55497K, committed 56384K, reserved 1105920K
  class space    used 5991K, committed 6336K, reserved 1048576K
}
Event: 31.134 GC heap before
{Heap before GC invocations=157 (full 7):
 PSYoungGen      total 13312K, used 12912K [0x00000000eab00000, 0x00000000ebc00000, 0x0000000100000000)
  eden space 9216K, 100% used [0x00000000eab00000,0x00000000eb400000,0x00000000eb400000)
  from space 4096K, 90% used [0x00000000eb800000,0x00000000ebb9c008,0x00000000ebc00000)
  to   space 4096K, 0% used [0x00000000eb400000,0x00000000eb400000,0x00000000eb800000)
 ParOldGen       total 173056K, used 160900K [0x00000000c0000000, 0x00000000ca900000, 0x00000000eab00000)
  object space 173056K, 92% used [0x00000000c0000000,0x00000000c9d210e0,0x00000000ca900000)
 Metaspace       used 55514K, committed 56448K, reserved 1105920K
  class space    used 5992K, committed 6336K, reserved 1048576K
}
Event: 31.140 GC heap after
{Heap after GC invocations=157 (full 7):
 PSYoungGen      total 13312K, used 4080K [0x00000000eab00000, 0x00000000ebf00000, 0x0000000100000000)
  eden space 9216K, 0% used [0x00000000eab00000,0x00000000eab00000,0x00000000eb400000)
  from space 4096K, 99% used [0x00000000eb400000,0x00000000eb7fc008,0x00000000eb800000)
  to   space 5120K, 0% used [0x00000000eba00000,0x00000000eba00000,0x00000000ebf00000)
 ParOldGen       total 173056K, used 161516K [0x00000000c0000000, 0x00000000ca900000, 0x00000000eab00000)
  object space 173056K, 93% used [0x00000000c0000000,0x00000000c9dbb0e0,0x00000000ca900000)
 Metaspace       used 55514K, committed 56448K, reserved 1105920K
  class space    used 5992K, committed 6336K, reserved 1048576K
}
Event: 31.189 GC heap before
{Heap before GC invocations=158 (full 7):
 PSYoungGen      total 13312K, used 13296K [0x00000000eab00000, 0x00000000ebf00000, 0x0000000100000000)
  eden space 9216K, 100% used [0x00000000eab00000,0x00000000eb400000,0x00000000eb400000)
  from space 4096K, 99% used [0x00000000eb400000,0x00000000eb7fc008,0x00000000eb800000)
  to   space 5120K, 0% used [0x00000000eba00000,0x00000000eba00000,0x00000000ebf00000)
 ParOldGen       total 173056K, used 161516K [0x00000000c0000000, 0x00000000ca900000, 0x00000000eab00000)
  object space 173056K, 93% used [0x00000000c0000000,0x00000000c9dbb0e0,0x00000000ca900000)
 Metaspace       used 55514K, committed 56448K, reserved 1105920K
  class space    used 5992K, committed 6336K, reserved 1048576K
}
Event: 31.193 GC heap after
{Heap after GC invocations=158 (full 7):
 PSYoungGen      total 14848K, used 4176K [0x00000000eab00000, 0x00000000ebe80000, 0x0000000100000000)
  eden space 10240K, 0% used [0x00000000eab00000,0x00000000eab00000,0x00000000eb500000)
  from space 4608K, 90% used [0x00000000eba00000,0x00000000ebe14008,0x00000000ebe80000)
  to   space 4608K, 0% used [0x00000000eb580000,0x00000000eb580000,0x00000000eba00000)
 ParOldGen       total 173056K, used 162775K [0x00000000c0000000, 0x00000000ca900000, 0x00000000eab00000)
  object space 173056K, 94% used [0x00000000c0000000,0x00000000c9ef5cf0,0x00000000ca900000)
 Metaspace       used 55514K, committed 56448K, reserved 1105920K
  class space    used 5992K, committed 6336K, reserved 1048576K
}
Event: 31.243 GC heap before
{Heap before GC invocations=159 (full 7):
 PSYoungGen      total 14848K, used 14416K [0x00000000eab00000, 0x00000000ebe80000, 0x0000000100000000)
  eden space 10240K, 100% used [0x00000000eab00000,0x00000000eb500000,0x00000000eb500000)
  from space 4608K, 90% used [0x00000000eba00000,0x00000000ebe14008,0x00000000ebe80000)
  to   space 4608K, 0% used [0x00000000eb580000,0x00000000eb580000,0x00000000eba00000)
 ParOldGen       total 173056K, used 162775K [0x00000000c0000000, 0x00000000ca900000, 0x00000000eab00000)
  object space 173056K, 94% used [0x00000000c0000000,0x00000000c9ef5cf0,0x00000000ca900000)
 Metaspace       used 55514K, committed 56448K, reserved 1105920K
  class space    used 5992K, committed 6336K, reserved 1048576K
}
Event: 31.246 GC heap after
{Heap after GC invocations=159 (full 7):
 PSYoungGen      total 14848K, used 4582K [0x00000000eab00000, 0x00000000ec100000, 0x0000000100000000)
  eden space 10240K, 0% used [0x00000000eab00000,0x00000000eab00000,0x00000000eb500000)
  from space 4608K, 99% used [0x00000000eb580000,0x00000000eb9f9818,0x00000000eba00000)
  to   space 6144K, 0% used [0x00000000ebb00000,0x00000000ebb00000,0x00000000ec100000)
 ParOldGen       total 173056K, used 163655K [0x00000000c0000000, 0x00000000ca900000, 0x00000000eab00000)
  object space 173056K, 94% used [0x00000000c0000000,0x00000000c9fd1cf0,0x00000000ca900000)
 Metaspace       used 55514K, committed 56448K, reserved 1105920K
  class space    used 5992K, committed 6336K, reserved 1048576K
}
Event: 31.304 GC heap before
{Heap before GC invocations=160 (full 7):
 PSYoungGen      total 14848K, used 14822K [0x00000000eab00000, 0x00000000ec100000, 0x0000000100000000)
  eden space 10240K, 100% used [0x00000000eab00000,0x00000000eb500000,0x00000000eb500000)
  from space 4608K, 99% used [0x00000000eb580000,0x00000000eb9f9818,0x00000000eba00000)
  to   space 6144K, 0% used [0x00000000ebb00000,0x00000000ebb00000,0x00000000ec100000)
 ParOldGen       total 173056K, used 163655K [0x00000000c0000000, 0x00000000ca900000, 0x00000000eab00000)
  object space 173056K, 94% used [0x00000000c0000000,0x00000000c9fd1cf0,0x00000000ca900000)
 Metaspace       used 55514K, committed 56448K, reserved 1105920K
  class space    used 5992K, committed 6336K, reserved 1048576K
}
Event: 31.310 GC heap after
{Heap after GC invocations=160 (full 7):
 PSYoungGen      total 14848K, used 4443K [0x00000000eab00000, 0x00000000ebf80000, 0x0000000100000000)
  eden space 10240K, 0% used [0x00000000eab00000,0x00000000eab00000,0x00000000eb500000)
  from space 4608K, 96% used [0x00000000ebb00000,0x00000000ebf56c08,0x00000000ebf80000)
  to   space 5120K, 0% used [0x00000000eb580000,0x00000000eb580000,0x00000000eba80000)
 ParOldGen       total 173056K, used 165559K [0x00000000c0000000, 0x00000000ca900000, 0x00000000eab00000)
  object space 173056K, 95% used [0x00000000c0000000,0x00000000ca1adcf8,0x00000000ca900000)
 Metaspace       used 55514K, committed 56448K, reserved 1105920K
  class space    used 5992K, committed 6336K, reserved 1048576K
}
Event: 31.383 GC heap before
{Heap before GC invocations=161 (full 7):
 PSYoungGen      total 14848K, used 14683K [0x00000000eab00000, 0x00000000ebf80000, 0x0000000100000000)
  eden space 10240K, 100% used [0x00000000eab00000,0x00000000eb500000,0x00000000eb500000)
  from space 4608K, 96% used [0x00000000ebb00000,0x00000000ebf56c08,0x00000000ebf80000)
  to   space 5120K, 0% used [0x00000000eb580000,0x00000000eb580000,0x00000000eba80000)
 ParOldGen       total 173056K, used 165559K [0x00000000c0000000, 0x00000000ca900000, 0x00000000eab00000)
  object space 173056K, 95% used [0x00000000c0000000,0x00000000ca1adcf8,0x00000000ca900000)
 Metaspace       used 55514K, committed 56448K, reserved 1105920K
  class space    used 5992K, committed 6336K, reserved 1048576K
}
Event: 31.390 GC heap after
{Heap after GC invocations=161 (full 7):
 PSYoungGen      total 15872K, used 5110K [0x00000000eab00000, 0x00000000ec200000, 0x0000000100000000)
  eden space 10752K, 0% used [0x00000000eab00000,0x00000000eab00000,0x00000000eb580000)
  from space 5120K, 99% used [0x00000000eb580000,0x00000000eba7d810,0x00000000eba80000)
  to   space 6144K, 0% used [0x00000000ebc00000,0x00000000ebc00000,0x00000000ec200000)
 ParOldGen       total 173056K, used 166072K [0x00000000c0000000, 0x00000000ca900000, 0x00000000eab00000)
  object space 173056K, 95% used [0x00000000c0000000,0x00000000ca22e108,0x00000000ca900000)
 Metaspace       used 55514K, committed 56448K, reserved 1105920K
  class space    used 5992K, committed 6336K, reserved 1048576K
}
Event: 31.622 GC heap before
{Heap before GC invocations=162 (full 7):
 PSYoungGen      total 15872K, used 15862K [0x00000000eab00000, 0x00000000ec200000, 0x0000000100000000)
  eden space 10752K, 100% used [0x00000000eab00000,0x00000000eb580000,0x00000000eb580000)
  from space 5120K, 99% used [0x00000000eb580000,0x00000000eba7d810,0x00000000eba80000)
  to   space 6144K, 0% used [0x00000000ebc00000,0x00000000ebc00000,0x00000000ec200000)
 ParOldGen       total 173056K, used 166072K [0x00000000c0000000, 0x00000000ca900000, 0x00000000eab00000)
  object space 173056K, 95% used [0x00000000c0000000,0x00000000ca22e108,0x00000000ca900000)
 Metaspace       used 55514K, committed 56448K, reserved 1105920K
  class space    used 5992K, committed 6336K, reserved 1048576K
}
Event: 31.630 GC heap after
{Heap after GC invocations=162 (full 7):
 PSYoungGen      total 16384K, used 5494K [0x00000000eab00000, 0x00000000ec180000, 0x0000000100000000)
  eden space 10752K, 0% used [0x00000000eab00000,0x00000000eab00000,0x00000000eb580000)
  from space 5632K, 97% used [0x00000000ebc00000,0x00000000ec15d818,0x00000000ec180000)
  to   space 5632K, 0% used [0x00000000eb680000,0x00000000eb680000,0x00000000ebc00000)
 ParOldGen       total 173056K, used 167952K [0x00000000c0000000, 0x00000000ca900000, 0x00000000eab00000)
  object space 173056K, 97% used [0x00000000c0000000,0x00000000ca404108,0x00000000ca900000)
 Metaspace       used 55514K, committed 56448K, reserved 1105920K
  class space    used 5992K, committed 6336K, reserved 1048576K
}

